<?xml version="1.0" encoding="UTF-8"?>
<!-- Generated by org.testng.reporters.JUnitReportReporter -->
<testsuite hostname="SURYA0" failures="0" tests="1" name="saucedemo.practice.login" time="3.389" errors="0" timestamp="2025-07-24T13:43:17 IST" skipped="0">
  <testcase classname="saucedemo.practice.login" name="openSauceDemo" time="3.389"/>
</testsuite> <!-- saucedemo.practice.login -->
