<?xml version="1.0" encoding="UTF-8"?>
<!-- Generated by org.testng.reporters.JUnitReportReporter -->
<testsuite hostname="SURYA0" failures="0" tests="1" name="saucedemo.practice.base" time="3.958" errors="0" timestamp="2025-07-24T13:39:55 IST" skipped="0">
  <testcase classname="saucedemo.practice.base" name="sampleTest" time="3.958"/>
</testsuite> <!-- saucedemo.practice.base -->
